C:\pm851\Soft\小丸工具箱rev190>"C:\pm851\Soft\小丸工具箱rev190\tools\ffmpeg.exe" -i "C:\Users\fdwsWTG\Desktop\Trans\2016-09-28-1537-10_mkv封装.mkv" -vn -sn -v 0 -c:a pcm_s16le -f wav pipe:  | "C:\pm851\Soft\小丸工具箱rev190\tools\flac.exe" -f --ignore-chunk-sizes -5 - -o "atemp.flac" 
flac 1.3.1, Copyright (C) 2000-2009  Josh Coalson, 2011-2014  Xiph.Org Foundation
flac comes with ABSOLUTELY NO WARRANTY.  This is free software, and you are
welcome to redistribute it under certain conditions.  Type `flac' for details.
INFO: Make sure you know what you're doing when using --ignore-chunk-sizes.
      Improper use can cause flac to encode non-audio data as audio.
-: WARNING: skipping unknown chunk 'LIST' (use --keep-foreign-metadata to keep)
-: WARNING: 'data' chunk has non-zero size, using --ignore-chunk-sizes is probably a bad idea
(No runtime statistics possible; please wait for encoding to finish...)
-: INFO: hit EOF with --ignore-chunk-sizes, got 753664 samples
C:\pm851\Soft\小丸工具箱rev190>"C:\pm851\Soft\小丸工具箱rev190\tools\x264_64-8bit.exe" --crf 24.5 --demuxer auto --threads auto --bframes 4 --b-adapt 2 --ref 3 --qcomp 0.55 --psy-rd 0.6:0 --aq-strength 1.0 --aq-mode 1 --me umh --merange 16 --subme 8 --partitions all --trellis 0 --no-dct-decimate  --deblock 1:1 --min-keyint 1 -o "vtemp.mp4" "C:\Users\fdwsWTG\Desktop\Trans\2016-09-28-1537-10_mkv封装.mkv" 
[info]: indexing input file [2.4%]  
                                            
ffms [info]: 
 Format    : matroska,webm
 Codec     : h264
 PixFmt    : yuv420p
 Framerate : 30/1
 Timebase  : 1000/1000000
 Duration  : 0:00:15
ffms [info]: 1920x1080p 1:1 @ 30/1 fps (vfr)
ffms [info]: color matrix: bt709
x264 [info]: using SAR=1/1
x264 [info]: using cpu capabilities: MMX2 SSE2Fast SSSE3 SSE4.2 AVX FMA3 AVX2 LZCNT BMI2
x264 [info]: AVC Encoder x264 core 148 r2597+52 4ed4a81 xiaowan [8-bit@all X86_64]
x264 [info]: profile: High, level: 4.0, subsampling: 4:2:0, bit-depth: 8-bit
x264 [info]: cabac=1 ref=3 deblock=1:1:1 analyse=0x3:0x133 me=umh subme=8 psy=1 fade_compensate=0.00 psy_rd=0.60:0.00 mixed_ref=1 me_range=16 chroma_me=1 trellis=0 8x8dct=1 cqm=0 deadzone=21,11 fast_pskip=1 chroma_qp_offset=-2 threads=12 lookahead_threads=3 sliced_threads=0 nr=0 decimate=0 interlaced=0 bluray_compat=0 constrained_intra=0 fgo=0 bframes=4 b_pyramid=2 b_adapt=2 b_bias=0 direct=1 weightb=1 open_gop=0 weightp=2 keyint=250 keyint_min=1 scenecut=40 intra_refresh=0 rc_lookahead=40 rc=crf mbtree=1 crf=24.5000 qcomp=0.55 qpmin=0:0:0 qpmax=69:69:69 qpstep=4 ip_ratio=1.40 aq=1:1.00 aq-sensitivity=10.00 aq-factor=1.00:1.00:1.00 aq2=0 aq3=0
x264 [info]: started at Mon Oct 10 20:41:18 2016
