[info]: indexing input file [8.3%]  
ffms [info]: 
ffms [info]: 1920x1080p 0:1 @ 1000000/33593 fps (vfr)
ffms [info]: color matrix: bt709
x264 [info]: using cpu capabilities: MMX2 SSE2Fast SSSE3 SSE4.2 AVX FMA3 AVX2 LZCNT BMI2
x264 [info]: AVC Encoder x264 core 148 r2744+45 a477af1 7mod [10-bit@all X86_64]
x264 [info]: profile: High 10, level: 5.0, subsampling: 4:2:0, bit-depth: 10-bit
x264 [info]: cabac=1 ref=13 deblock=1:0:0 analyse=0x3:0x133 me=umh subme=10 psy=1 fade_compensate=0.00 psy_rd=0.00:0.00 mixed_ref=1 me_range=24 chroma_me=1 trellis=2 8x8dct=1 cqm=0 deadzone=21,11 fast_pskip=1 chroma_qp_offset=0 threads=12 lookahead_threads=3 sliced_threads=0 nr=0 decimate=0 interlaced=0 bluray_compat=0 constrained_intra=0 fgo=0 bframes=12 b_pyramid=2 b_adapt=2 b_bias=0 direct=3 weightb=1 open_gop=0 weightp=2 keyint=250 keyint_min=1 scenecut=40 intra_refresh=0 rc_lookahead=60 rc=crf mbtree=1 crf=19.0000 qcomp=0.50 qpmin=0:0:0 qpmax=81:81:81 qpstep=4 ip_ratio=1.40 aq=4:1.30 aq-sensitivity=10.00 aq-factor=1.00:1.00:1.00 aq2=0 aq3=0
x264 [info]: started at Fri Jan 06 12:44:21 2017
x264 [info]: frame I:2     Avg QP:21.05  size:191202
x264 [info]: frame P:118   Avg QP:28.45  size: 12189
x264 [info]: frame B:351   Avg QP:34.02  size:   921
x264 [info]: consecutive B-frames:  9.6%  4.2%  5.7% 17.0%  5.3% 10.2%  5.9%  6.8%  7.6%  6.4%  2.3%  5.1% 13.8%
x264 [info]: mb I  I16..4: 59.4% 13.7% 26.9%
x264 [info]: mb P  I16..4:  2.7%  2.1%  0.9%  P16..4:  9.4%  0.7%  0.6%  0.1%  0.0%    skip:83.5%
x264 [info]: mb B  I16..4:  0.2%  0.1%  0.0%  B16..8:  4.3%  0.2%  0.0%  direct: 0.1%  skip:95.1%  L0:59.4% L1:39.8% BI: 0.8%
x264 [info]: 8x8 transform intra:32.7% inter:20.5%
x264 [info]: direct mvs  spatial:99.1% temporal:0.9%
x264 [info]: coded y,uvDC,uvAC intra: 15.6% 20.2% 13.0% inter: 0.9% 1.3% 0.8%
x264 [info]: i16 v,h,dc,p: 43% 51%  5%  2%
x264 [info]: i8 v,h,dc,ddl,ddr,vr,hd,vl,hu: 18%  7% 73%  1%  0%  0%  0%  0%  0%
x264 [info]: i4 v,h,dc,ddl,ddr,vr,hd,vl,hu: 36% 39% 17%  1%  1%  1%  1%  1%  2%
x264 [info]: i8c dc,h,v,p: 53% 30% 16%  1%
x264 [info]: Weighted P-Frames: Y:0.0% UV:0.0%
x264 [info]: ref P L0: 67.3%  9.6%  5.7%  3.3%  3.1%  2.9%  2.5%  1.2%  1.2%  1.3%  1.0%  0.8%  0.3%
x264 [info]: ref B L0: 50.9% 17.1%  7.8%  5.1%  4.0%  4.5%  3.6%  2.0%  2.0%  1.6%  1.1%  0.4%
x264 [info]: ref B L1: 90.6%  9.4%
x264 [info]: kb/s:1083.93
encoded 471 frames, 4.860 fps, 1084.36 kb/s, 2.05 MB
C:\Users\fdwsWTG\Desktop\Trans\2016-09-28-1537-10.flv


